\BOOKMARK [0][-]{chapter.1}{\376\377\0001\000\040\000R\000E\000A\000D\000M\000E}{}% 1
\BOOKMARK [0][-]{chapter.2}{\376\377\0002\000\040\000F\000i\000l\000e\000\040\000I\000n\000d\000e\000x}{}% 2
\BOOKMARK [1][-]{section.2.1}{\376\377\0002\000.\0001\000\040\000F\000i\000l\000e\000\040\000L\000i\000s\000t}{chapter.2}% 3
\BOOKMARK [0][-]{chapter.3}{\376\377\0003\000\040\000F\000i\000l\000e\000\040\000D\000o\000c\000u\000m\000e\000n\000t\000a\000t\000i\000o\000n}{}% 4
\BOOKMARK [1][-]{section.3.1}{\376\377\0003\000.\0001\000\040\000c\000o\000n\000f\000i\000g\000u\000r\000a\000t\000i\000o\000n\000\137\000b\000i\000t\000s\000.\000c\000\040\000F\000i\000l\000e\000\040\000R\000e\000f\000e\000r\000e\000n\000c\000e}{chapter.3}% 5
\BOOKMARK [1][-]{section.3.2}{\376\377\0003\000.\0002\000\040\000m\000a\000i\000n\000.\000c\000\040\000F\000i\000l\000e\000\040\000R\000e\000f\000e\000r\000e\000n\000c\000e}{chapter.3}% 6
\BOOKMARK [2][-]{subsection.3.2.1}{\376\377\0003\000.\0002\000.\0001\000\040\000F\000u\000n\000c\000t\000i\000o\000n\000\040\000D\000o\000c\000u\000m\000e\000n\000t\000a\000t\000i\000o\000n}{section.3.2}% 7
\BOOKMARK [3][-]{subsubsection.3.2.1.1}{\376\377\0003\000.\0002\000.\0001\000.\0001\000\040\000m\000a\000i\000n\000\050\000\051}{subsection.3.2.1}% 8
\BOOKMARK [1][-]{section.3.3}{\376\377\0003\000.\0003\000\040\000R\000E\000A\000D\000M\000E\000.\000m\000d\000\040\000F\000i\000l\000e\000\040\000R\000e\000f\000e\000r\000e\000n\000c\000e}{chapter.3}% 9
\BOOKMARK [1][-]{section.3.4}{\376\377\0003\000.\0004\000\040\000U\000A\000R\000T\000.\000c\000\040\000F\000i\000l\000e\000\040\000R\000e\000f\000e\000r\000e\000n\000c\000e}{chapter.3}% 10
\BOOKMARK [2][-]{subsection.3.4.1}{\376\377\0003\000.\0004\000.\0001\000\040\000F\000u\000n\000c\000t\000i\000o\000n\000\040\000D\000o\000c\000u\000m\000e\000n\000t\000a\000t\000i\000o\000n}{section.3.4}% 11
\BOOKMARK [3][-]{subsubsection.3.4.1.1}{\376\377\0003\000.\0004\000.\0001\000.\0001\000\040\000u\000a\000r\000t\0004\000\137\000g\000e\000t\000c\000\050\000\051}{subsection.3.4.1}% 12
\BOOKMARK [3][-]{subsubsection.3.4.1.2}{\376\377\0003\000.\0004\000.\0001\000.\0002\000\040\000u\000a\000r\000t\0004\000\137\000i\000n\000i\000t\000\050\000\051}{subsection.3.4.1}% 13
\BOOKMARK [3][-]{subsubsection.3.4.1.3}{\376\377\0003\000.\0004\000.\0001\000.\0003\000\040\000u\000a\000r\000t\0004\000\137\000p\000u\000t\000c\000\050\000\051}{subsection.3.4.1}% 14
\BOOKMARK [3][-]{subsubsection.3.4.1.4}{\376\377\0003\000.\0004\000.\0001\000.\0004\000\040\000u\000a\000r\000t\0004\000\137\000p\000u\000t\000s\000\050\000\051}{subsection.3.4.1}% 15
\BOOKMARK [3][-]{subsubsection.3.4.1.5}{\376\377\0003\000.\0004\000.\0001\000.\0005\000\040\000u\000a\000r\000t\0004\000\137\000t\000e\000s\000t\000\050\000\051}{subsection.3.4.1}% 16
\BOOKMARK [1][-]{section.3.5}{\376\377\0003\000.\0005\000\040\000U\000A\000R\000T\000.\000h\000\040\000F\000i\000l\000e\000\040\000R\000e\000f\000e\000r\000e\000n\000c\000e}{chapter.3}% 17
\BOOKMARK [2][-]{subsection.3.5.1}{\376\377\0003\000.\0005\000.\0001\000\040\000F\000u\000n\000c\000t\000i\000o\000n\000\040\000D\000o\000c\000u\000m\000e\000n\000t\000a\000t\000i\000o\000n}{section.3.5}% 18
\BOOKMARK [3][-]{subsubsection.3.5.1.1}{\376\377\0003\000.\0005\000.\0001\000.\0001\000\040\000u\000a\000r\000t\0004\000\137\000g\000e\000t\000c\000\050\000\051}{subsection.3.5.1}% 19
\BOOKMARK [3][-]{subsubsection.3.5.1.2}{\376\377\0003\000.\0005\000.\0001\000.\0002\000\040\000u\000a\000r\000t\0004\000\137\000i\000n\000i\000t\000\050\000\051}{subsection.3.5.1}% 20
\BOOKMARK [3][-]{subsubsection.3.5.1.3}{\376\377\0003\000.\0005\000.\0001\000.\0003\000\040\000u\000a\000r\000t\0004\000\137\000p\000u\000t\000c\000\050\000\051}{subsection.3.5.1}% 21
\BOOKMARK [3][-]{subsubsection.3.5.1.4}{\376\377\0003\000.\0005\000.\0001\000.\0004\000\040\000u\000a\000r\000t\0004\000\137\000p\000u\000t\000s\000\050\000\051}{subsection.3.5.1}% 22
\BOOKMARK [3][-]{subsubsection.3.5.1.5}{\376\377\0003\000.\0005\000.\0001\000.\0005\000\040\000u\000a\000r\000t\0004\000\137\000t\000e\000s\000t\000\050\000\051}{subsection.3.5.1}% 23
\BOOKMARK [1][-]{section.3.6}{\376\377\0003\000.\0006\000\040\000u\000s\000e\000r\000.\000c\000\040\000F\000i\000l\000e\000\040\000R\000e\000f\000e\000r\000e\000n\000c\000e}{chapter.3}% 24
\BOOKMARK [2][-]{subsection.3.6.1}{\376\377\0003\000.\0006\000.\0001\000\040\000F\000u\000n\000c\000t\000i\000o\000n\000\040\000D\000o\000c\000u\000m\000e\000n\000t\000a\000t\000i\000o\000n}{section.3.6}% 25
\BOOKMARK [3][-]{subsubsection.3.6.1.1}{\376\377\0003\000.\0006\000.\0001\000.\0001\000\040\000b\000r\000i\000g\000h\000t\000n\000e\000s\000s\000\050\000\051}{subsection.3.6.1}% 26
\BOOKMARK [3][-]{subsubsection.3.6.1.2}{\376\377\0003\000.\0006\000.\0001\000.\0002\000\040\000d\000e\000l\000a\000y\000\050\000\051}{subsection.3.6.1}% 27
\BOOKMARK [3][-]{subsubsection.3.6.1.3}{\376\377\0003\000.\0006\000.\0001\000.\0003\000\040\000f\000a\000d\000e\000\050\000\051}{subsection.3.6.1}% 28
\BOOKMARK [3][-]{subsubsection.3.6.1.4}{\376\377\0003\000.\0006\000.\0001\000.\0004\000\040\000i\000n\000i\000t\000\137\000a\000p\000p\000\050\000\051}{subsection.3.6.1}% 29
\BOOKMARK [3][-]{subsubsection.3.6.1.5}{\376\377\0003\000.\0006\000.\0001\000.\0005\000\040\000i\000n\000i\000t\000\137\000g\000p\000i\000o\000\050\000\051}{subsection.3.6.1}% 30
\BOOKMARK [3][-]{subsubsection.3.6.1.6}{\376\377\0003\000.\0006\000.\0001\000.\0006\000\040\000I\000n\000i\000t\000T\000i\000m\000e\000r\0002\000A\000n\000d\000O\000C\0005\000A\000n\000d\0004\000A\000n\000d\0008\000\050\000\051}{subsection.3.6.1}% 31
\BOOKMARK [3][-]{subsubsection.3.6.1.7}{\376\377\0003\000.\0006\000.\0001\000.\0007\000\040\000r\000g\000b\000\050\000\051}{subsection.3.6.1}% 32
\BOOKMARK [3][-]{subsubsection.3.6.1.8}{\376\377\0003\000.\0006\000.\0001\000.\0008\000\040\000s\000t\000a\000r\000t\000\137\000p\000r\000o\000g\000r\000a\000m\000\050\000\051}{subsection.3.6.1}% 33
\BOOKMARK [1][-]{section.3.7}{\376\377\0003\000.\0007\000\040\000u\000s\000e\000r\000.\000h\000\040\000F\000i\000l\000e\000\040\000R\000e\000f\000e\000r\000e\000n\000c\000e}{chapter.3}% 34
\BOOKMARK [2][-]{subsection.3.7.1}{\376\377\0003\000.\0007\000.\0001\000\040\000M\000a\000c\000r\000o\000\040\000D\000e\000f\000i\000n\000i\000t\000i\000o\000n\000\040\000D\000o\000c\000u\000m\000e\000n\000t\000a\000t\000i\000o\000n}{section.3.7}% 35
\BOOKMARK [3][-]{subsubsection.3.7.1.1}{\376\377\0003\000.\0007\000.\0001\000.\0001\000\040\000B\000T\000N\0001\000\137\000P\000O\000R\000T\000\137\000B\000I\000T}{subsection.3.7.1}% 36
\BOOKMARK [3][-]{subsubsection.3.7.1.2}{\376\377\0003\000.\0007\000.\0001\000.\0002\000\040\000B\000T\000N\0002\000\137\000P\000O\000R\000T\000\137\000B\000I\000T}{subsection.3.7.1}% 37
\BOOKMARK [3][-]{subsubsection.3.7.1.3}{\376\377\0003\000.\0007\000.\0001\000.\0003\000\040\000L\000D\0001\000\137\000P\000O\000R\000T\000\137\000B\000I\000T}{subsection.3.7.1}% 38
\BOOKMARK [3][-]{subsubsection.3.7.1.4}{\376\377\0003\000.\0007\000.\0001\000.\0004\000\040\000L\000D\0002\000\137\000P\000O\000R\000T\000\137\000B\000I\000T}{subsection.3.7.1}% 39
\BOOKMARK [3][-]{subsubsection.3.7.1.5}{\376\377\0003\000.\0007\000.\0001\000.\0005\000\040\000L\000D\0003\000\137\000P\000O\000R\000T\000\137\000B\000I\000T}{subsection.3.7.1}% 40
\BOOKMARK [3][-]{subsubsection.3.7.1.6}{\376\377\0003\000.\0007\000.\0001\000.\0006\000\040\000L\000D\0004\000\137\000P\000O\000R\000T\000\137\000B\000I\000T}{subsection.3.7.1}% 41
\BOOKMARK [3][-]{subsubsection.3.7.1.7}{\376\377\0003\000.\0007\000.\0001\000.\0007\000\040\000M\000A\000X\000\137\000A\000D\000C\000\137\000V\000A\000L\000U\000E}{subsection.3.7.1}% 42
\BOOKMARK [3][-]{subsubsection.3.7.1.8}{\376\377\0003\000.\0007\000.\0001\000.\0008\000\040\000P\000W\000M\000\137\000F\000R\000E\000Q\000\137\000H\000Z}{subsection.3.7.1}% 43
\BOOKMARK [3][-]{subsubsection.3.7.1.9}{\376\377\0003\000.\0007\000.\0001\000.\0009\000\040\000P\000W\000M\000\137\000P\000E\000R\000I\000O\000D\000\137\000C\000O\000U\000N\000T\000S}{subsection.3.7.1}% 44
\BOOKMARK [2][-]{subsection.3.7.2}{\376\377\0003\000.\0007\000.\0002\000\040\000F\000u\000n\000c\000t\000i\000o\000n\000\040\000D\000o\000c\000u\000m\000e\000n\000t\000a\000t\000i\000o\000n}{section.3.7}% 45
\BOOKMARK [3][-]{subsubsection.3.7.2.1}{\376\377\0003\000.\0007\000.\0002\000.\0001\000\040\000i\000n\000i\000t\000\137\000a\000p\000p\000\050\000\051}{subsection.3.7.2}% 46
\BOOKMARK [0][-]{section*.8}{\376\377\000I\000n\000d\000e\000x}{}% 47
